H:\STUDY\PROGRAMS\DATA STRUCTUER\LINKLIST_QNO4\LINKLIST_QN04\DEBUG\LINKLIST_QN04.EXE
H:\STUDY\PROGRAMS\DATA STRUCTUER\LINKLIST_QNO4\LINKLIST_QN04\DEBUG\LINKLIST_QN04.ILK
H:\STUDY\PROGRAMS\DATA STRUCTUER\LINKLIST_QNO4\LINKLIST_QN04\DEBUG\LINKLIST_QN04.PDB
H:\study\programs\Data Structuer\linklist_Qno4\linklist_Qn04\linklist_Qn04\Debug\cl.command.1.tlog
H:\study\programs\Data Structuer\linklist_Qno4\linklist_Qn04\linklist_Qn04\Debug\CL.read.1.tlog
H:\study\programs\Data Structuer\linklist_Qno4\linklist_Qn04\linklist_Qn04\Debug\CL.write.1.tlog
H:\study\programs\Data Structuer\linklist_Qno4\linklist_Qn04\linklist_Qn04\Debug\link.19136.read.1.tlog
H:\study\programs\Data Structuer\linklist_Qno4\linklist_Qn04\linklist_Qn04\Debug\link.19136.write.1.tlog
H:\study\programs\Data Structuer\linklist_Qno4\linklist_Qn04\linklist_Qn04\Debug\link.19136-cvtres.read.1.tlog
H:\study\programs\Data Structuer\linklist_Qno4\linklist_Qn04\linklist_Qn04\Debug\link.19136-cvtres.write.1.tlog
H:\study\programs\Data Structuer\linklist_Qno4\linklist_Qn04\linklist_Qn04\Debug\link.21932.read.1.tlog
H:\study\programs\Data Structuer\linklist_Qno4\linklist_Qn04\linklist_Qn04\Debug\link.21932.write.1.tlog
H:\study\programs\Data Structuer\linklist_Qno4\linklist_Qn04\linklist_Qn04\Debug\link.21932-cvtres.read.1.tlog
H:\study\programs\Data Structuer\linklist_Qno4\linklist_Qn04\linklist_Qn04\Debug\link.21932-cvtres.write.1.tlog
H:\study\programs\Data Structuer\linklist_Qno4\linklist_Qn04\linklist_Qn04\Debug\link.command.1.tlog
H:\study\programs\Data Structuer\linklist_Qno4\linklist_Qn04\linklist_Qn04\Debug\link.read.1.tlog
H:\study\programs\Data Structuer\linklist_Qno4\linklist_Qn04\linklist_Qn04\Debug\link.write.1.tlog
H:\study\programs\Data Structuer\linklist_Qno4\linklist_Qn04\linklist_Qn04\Debug\link-cvtres.read.1.tlog
H:\study\programs\Data Structuer\linklist_Qno4\linklist_Qn04\linklist_Qn04\Debug\link-cvtres.write.1.tlog
H:\STUDY\PROGRAMS\DATA STRUCTUER\LINKLIST_QNO4\LINKLIST_QN04\LINKLIST_QN04\DEBUG\LINKLIST_QN04.EXE.EMBED.MANIFEST
H:\STUDY\PROGRAMS\DATA STRUCTUER\LINKLIST_QNO4\LINKLIST_QN04\LINKLIST_QN04\DEBUG\LINKLIST_QN04.EXE.EMBED.MANIFEST.RES
H:\STUDY\PROGRAMS\DATA STRUCTUER\LINKLIST_QNO4\LINKLIST_QN04\LINKLIST_QN04\DEBUG\LINKLIST_QN04.EXE.INTERMEDIATE.MANIFEST
H:\study\programs\Data Structuer\linklist_Qno4\linklist_Qn04\linklist_Qn04\Debug\linklist_Qn04.vcxprojResolveAssemblyReference.cache
H:\study\programs\Data Structuer\linklist_Qno4\linklist_Qn04\linklist_Qn04\Debug\linklist_Qn04.write.1.tlog
H:\study\programs\Data Structuer\linklist_Qno4\linklist_Qn04\linklist_Qn04\Debug\linklist_Qn04_manifest.rc
H:\STUDY\PROGRAMS\DATA STRUCTUER\LINKLIST_QNO4\LINKLIST_QN04\LINKLIST_QN04\DEBUG\MAIN.OBJ
H:\study\programs\Data Structuer\linklist_Qno4\linklist_Qn04\linklist_Qn04\Debug\mt.command.1.tlog
H:\study\programs\Data Structuer\linklist_Qno4\linklist_Qn04\linklist_Qn04\Debug\mt.read.1.tlog
H:\study\programs\Data Structuer\linklist_Qno4\linklist_Qn04\linklist_Qn04\Debug\mt.write.1.tlog
H:\STUDY\PROGRAMS\DATA STRUCTUER\LINKLIST_QNO4\LINKLIST_QN04\LINKLIST_QN04\DEBUG\NODEIMPLE.OBJ
H:\study\programs\Data Structuer\linklist_Qno4\linklist_Qn04\linklist_Qn04\Debug\rc.command.1.tlog
H:\study\programs\Data Structuer\linklist_Qno4\linklist_Qn04\linklist_Qn04\Debug\rc.read.1.tlog
H:\study\programs\Data Structuer\linklist_Qno4\linklist_Qn04\linklist_Qn04\Debug\rc.write.1.tlog
H:\study\programs\Data Structuer\linklist_Qno4\linklist_Qn04\linklist_Qn04\Debug\vc100.idb
H:\STUDY\PROGRAMS\DATA STRUCTUER\LINKLIST_QNO4\LINKLIST_QN04\LINKLIST_QN04\DEBUG\VC100.PDB
