Build started 11/5/2018 9:22:20 PM.
     1>Project "H:\study\programs\Data Structuer\linklistQn08\linklistqn8\linklistqn8\linklistqn8.vcxproj" on node 2 (build target(s)).
     1>PrepareForBuild:
         Creating directory "H:\study\programs\Data Structuer\linklistQn08\linklistqn8\Debug\".
       InitializeBuildStatus:
         Creating "Debug\linklistqn8.unsuccessfulbuild" because "AlwaysCreate" was specified.
       ClCompile:
         C:\Program Files (x86)\Microsoft Visual Studio 10.0\VC\bin\CL.exe /c /ZI /nologo /W3 /WX- /Od /Oy- /D WIN32 /D _DEBUG /D _CONSOLE /D _UNICODE /D UNICODE /Gm /EHsc /RTC1 /MDd /GS /fp:precise /Zc:wchar_t /Zc:forScope /Fo"Debug\\" /Fd"Debug\vc100.pdb" /Gd /TP /analyze- /errorReport:prompt mainfile.cpp node2_implementation.cpp
         node2_implementation.cpp
         mainfile.cpp
         Generating Code...
       ManifestResourceCompile:
         C:\Program Files (x86)\Microsoft SDKs\Windows\v7.0A\bin\rc.exe /nologo /fo"Debug\linklistqn8.exe.embed.manifest.res" Debug\linklistqn8_manifest.rc 
       Link:
         C:\Program Files (x86)\Microsoft Visual Studio 10.0\VC\bin\link.exe /ERRORREPORT:PROMPT /OUT:"H:\study\programs\Data Structuer\linklistQn08\linklistqn8\Debug\linklistqn8.exe" /INCREMENTAL /NOLOGO kernel32.lib user32.lib gdi32.lib winspool.lib comdlg32.lib advapi32.lib shell32.lib ole32.lib oleaut32.lib uuid.lib odbc32.lib odbccp32.lib /MANIFEST /ManifestFile:"Debug\linklistqn8.exe.intermediate.manifest" /MANIFESTUAC:"level='asInvoker' uiAccess='false'" /DEBUG /PDB:"H:\study\programs\Data Structuer\linklistQn08\linklistqn8\Debug\linklistqn8.pdb" /SUBSYSTEM:CONSOLE /TLBID:1 /DYNAMICBASE /NXCOMPAT /IMPLIB:"H:\study\programs\Data Structuer\linklistQn08\linklistqn8\Debug\linklistqn8.lib" /MACHINE:X86 Debug\linklistqn8.exe.embed.manifest.res
         Debug\mainfile.obj
         Debug\node2_implementation.obj
       Manifest:
         C:\Program Files (x86)\Microsoft SDKs\Windows\v7.0A\bin\mt.exe /nologo /verbose /out:"Debug\linklistqn8.exe.embed.manifest" /manifest Debug\linklistqn8.exe.intermediate.manifest
         C:\Program Files (x86)\Microsoft SDKs\Windows\v7.0A\bin\rc.exe /nologo /fo"Debug\linklistqn8.exe.embed.manifest.res" Debug\linklistqn8_manifest.rc 
       LinkEmbedManifest:
         C:\Program Files (x86)\Microsoft Visual Studio 10.0\VC\bin\link.exe /ERRORREPORT:PROMPT /OUT:"H:\study\programs\Data Structuer\linklistQn08\linklistqn8\Debug\linklistqn8.exe" /INCREMENTAL /NOLOGO kernel32.lib user32.lib gdi32.lib winspool.lib comdlg32.lib advapi32.lib shell32.lib ole32.lib oleaut32.lib uuid.lib odbc32.lib odbccp32.lib /MANIFEST /ManifestFile:"Debug\linklistqn8.exe.intermediate.manifest" /MANIFESTUAC:"level='asInvoker' uiAccess='false'" /DEBUG /PDB:"H:\study\programs\Data Structuer\linklistQn08\linklistqn8\Debug\linklistqn8.pdb" /SUBSYSTEM:CONSOLE /TLBID:1 /DYNAMICBASE /NXCOMPAT /IMPLIB:"H:\study\programs\Data Structuer\linklistQn08\linklistqn8\Debug\linklistqn8.lib" /MACHINE:X86 Debug\linklistqn8.exe.embed.manifest.res
         Debug\mainfile.obj
         Debug\node2_implementation.obj
         linklistqn8.vcxproj -> H:\study\programs\Data Structuer\linklistQn08\linklistqn8\Debug\linklistqn8.exe
       FinalizeBuildStatus:
         Deleting file "Debug\linklistqn8.unsuccessfulbuild".
         Touching "Debug\linklistqn8.lastbuildstate".
     1>Done Building Project "H:\study\programs\Data Structuer\linklistQn08\linklistqn8\linklistqn8\linklistqn8.vcxproj" (build target(s)).

Build succeeded.

Time Elapsed 00:00:04.04
