Build started 11/5/2018 8:05:44 PM.
     1>Project "H:\study\programs\Data Structuer\linklist_Qno2\linklistqn2\linklistqn2\linklistqn2.vcxproj" on node 2 (build target(s)).
     1>InitializeBuildStatus:
         Creating "Debug\linklistqn2.unsuccessfulbuild" because "AlwaysCreate" was specified.
       ClCompile:
         C:\Program Files (x86)\Microsoft Visual Studio 10.0\VC\bin\CL.exe /c /ZI /nologo /W3 /WX- /Od /Oy- /D WIN32 /D _DEBUG /D _CONSOLE /D _UNICODE /D UNICODE /Gm /EHsc /RTC1 /MDd /GS /fp:precise /Zc:wchar_t /Zc:forScope /Fo"Debug\\" /Fd"Debug\vc100.pdb" /Gd /TP /analyze- /errorReport:prompt mainfile.cpp node_implementation.cpp
         node_implementation.cpp
         mainfile.cpp
         Generating Code...
       ManifestResourceCompile:
         All outputs are up-to-date.
       Link:
         C:\Program Files (x86)\Microsoft Visual Studio 10.0\VC\bin\link.exe /ERRORREPORT:PROMPT /OUT:"H:\study\programs\Data Structuer\linklist_Qno2\linklistqn2\Debug\linklistqn2.exe" /INCREMENTAL /NOLOGO kernel32.lib user32.lib gdi32.lib winspool.lib comdlg32.lib advapi32.lib shell32.lib ole32.lib oleaut32.lib uuid.lib odbc32.lib odbccp32.lib /MANIFEST /ManifestFile:"Debug\linklistqn2.exe.intermediate.manifest" /MANIFESTUAC:"level='asInvoker' uiAccess='false'" /DEBUG /PDB:"H:\study\programs\Data Structuer\linklist_Qno2\linklistqn2\Debug\linklistqn2.pdb" /SUBSYSTEM:CONSOLE /TLBID:1 /DYNAMICBASE /NXCOMPAT /IMPLIB:"H:\study\programs\Data Structuer\linklist_Qno2\linklistqn2\Debug\linklistqn2.lib" /MACHINE:X86 Debug\linklistqn2.exe.embed.manifest.res
         Debug\mainfile.obj
         Debug\node_implementation.obj
       Manifest:
         C:\Program Files (x86)\Microsoft SDKs\Windows\v7.0A\bin\mt.exe /nologo /verbose /out:"Debug\linklistqn2.exe.embed.manifest" /manifest Debug\linklistqn2.exe.intermediate.manifest
         All outputs are up-to-date.
       LinkEmbedManifest:
         All outputs are up-to-date.
         linklistqn2.vcxproj -> H:\study\programs\Data Structuer\linklist_Qno2\linklistqn2\Debug\linklistqn2.exe
       FinalizeBuildStatus:
         Deleting file "Debug\linklistqn2.unsuccessfulbuild".
         Touching "Debug\linklistqn2.lastbuildstate".
     1>Done Building Project "H:\study\programs\Data Structuer\linklist_Qno2\linklistqn2\linklistqn2\linklistqn2.vcxproj" (build target(s)).

Build succeeded.

Time Elapsed 00:00:03.57
