Build started 11/5/2018 8:58:26 PM.
     1>Project "H:\study\programs\Data Structuer\linklsitQn06\linklistqn6\linklistqn6\linklistqn6.vcxproj" on node 2 (build target(s)).
     1>PrepareForBuild:
         Creating directory "H:\study\programs\Data Structuer\linklsitQn06\linklistqn6\Debug\".
       InitializeBuildStatus:
         Creating "Debug\linklistqn6.unsuccessfulbuild" because "AlwaysCreate" was specified.
       ClCompile:
         C:\Program Files (x86)\Microsoft Visual Studio 10.0\VC\bin\CL.exe /c /ZI /nologo /W3 /WX- /Od /Oy- /D WIN32 /D _DEBUG /D _CONSOLE /D _UNICODE /D UNICODE /Gm /EHsc /RTC1 /MDd /GS /fp:precise /Zc:wchar_t /Zc:forScope /Fo"Debug\\" /Fd"Debug\vc100.pdb" /Gd /TP /analyze- /errorReport:prompt main_file.cpp node2_implemnts.cpp
         node2_implemnts.cpp
         main_file.cpp
         Generating Code...
       ManifestResourceCompile:
         C:\Program Files (x86)\Microsoft SDKs\Windows\v7.0A\bin\rc.exe /nologo /fo"Debug\linklistqn6.exe.embed.manifest.res" Debug\linklistqn6_manifest.rc 
       Link:
         C:\Program Files (x86)\Microsoft Visual Studio 10.0\VC\bin\link.exe /ERRORREPORT:PROMPT /OUT:"H:\study\programs\Data Structuer\linklsitQn06\linklistqn6\Debug\linklistqn6.exe" /INCREMENTAL /NOLOGO kernel32.lib user32.lib gdi32.lib winspool.lib comdlg32.lib advapi32.lib shell32.lib ole32.lib oleaut32.lib uuid.lib odbc32.lib odbccp32.lib /MANIFEST /ManifestFile:"Debug\linklistqn6.exe.intermediate.manifest" /MANIFESTUAC:"level='asInvoker' uiAccess='false'" /DEBUG /PDB:"H:\study\programs\Data Structuer\linklsitQn06\linklistqn6\Debug\linklistqn6.pdb" /SUBSYSTEM:CONSOLE /TLBID:1 /DYNAMICBASE /NXCOMPAT /IMPLIB:"H:\study\programs\Data Structuer\linklsitQn06\linklistqn6\Debug\linklistqn6.lib" /MACHINE:X86 Debug\linklistqn6.exe.embed.manifest.res
         Debug\main_file.obj
         Debug\node2_implemnts.obj
       Manifest:
         C:\Program Files (x86)\Microsoft SDKs\Windows\v7.0A\bin\mt.exe /nologo /verbose /out:"Debug\linklistqn6.exe.embed.manifest" /manifest Debug\linklistqn6.exe.intermediate.manifest
         C:\Program Files (x86)\Microsoft SDKs\Windows\v7.0A\bin\rc.exe /nologo /fo"Debug\linklistqn6.exe.embed.manifest.res" Debug\linklistqn6_manifest.rc 
       LinkEmbedManifest:
         C:\Program Files (x86)\Microsoft Visual Studio 10.0\VC\bin\link.exe /ERRORREPORT:PROMPT /OUT:"H:\study\programs\Data Structuer\linklsitQn06\linklistqn6\Debug\linklistqn6.exe" /INCREMENTAL /NOLOGO kernel32.lib user32.lib gdi32.lib winspool.lib comdlg32.lib advapi32.lib shell32.lib ole32.lib oleaut32.lib uuid.lib odbc32.lib odbccp32.lib /MANIFEST /ManifestFile:"Debug\linklistqn6.exe.intermediate.manifest" /MANIFESTUAC:"level='asInvoker' uiAccess='false'" /DEBUG /PDB:"H:\study\programs\Data Structuer\linklsitQn06\linklistqn6\Debug\linklistqn6.pdb" /SUBSYSTEM:CONSOLE /TLBID:1 /DYNAMICBASE /NXCOMPAT /IMPLIB:"H:\study\programs\Data Structuer\linklsitQn06\linklistqn6\Debug\linklistqn6.lib" /MACHINE:X86 Debug\linklistqn6.exe.embed.manifest.res
         Debug\main_file.obj
         Debug\node2_implemnts.obj
         linklistqn6.vcxproj -> H:\study\programs\Data Structuer\linklsitQn06\linklistqn6\Debug\linklistqn6.exe
       FinalizeBuildStatus:
         Deleting file "Debug\linklistqn6.unsuccessfulbuild".
         Touching "Debug\linklistqn6.lastbuildstate".
     1>Done Building Project "H:\study\programs\Data Structuer\linklsitQn06\linklistqn6\linklistqn6\linklistqn6.vcxproj" (build target(s)).

Build succeeded.

Time Elapsed 00:00:04.78
